Expression	Value	Location	Type	
Package_Instruction	<array>"U"	0x200004B8	uint8_t[8]	
[0]	0x55	0x200004B8	uint8_t	
[1]	0x00	0x200004B9	uint8_t	
[2]	0x00	0x200004BA	uint8_t	
[3]	0x00	0x200004BB	uint8_t	
[4]	0x00	0x200004BC	uint8_t	
[5]	0x45	0x200004BD	uint8_t	
[6]	0x51	0x200004BE	uint8_t	
[7]	0xAA	0x200004BF	uint8_t	
BTPackage_Buff		0x20000010	uint8_t[1024]	
[0]	0xFF	0x20000010	uint8_t	
[1]	0xF7	0x20000011	uint8_t	
[2]	0xF4	0x20000012	uint8_t	
[3]	0xFE	0x20000013	uint8_t	
[4]	0x00	0x20000014	uint8_t	
[5]	0x28	0x20000015	uint8_t	
[6]	0x01	0x20000016	uint8_t	
[7]	0xD0	0x20000017	uint8_t	
[8]	0x01	0x20000018	uint8_t	
[9]	0x20	0x20000019	uint8_t	
[10]	0x69	0x2000001A	uint8_t	
[11]	0xE0	0x2000001B	uint8_t	
[12]	0x5E	0x2000001C	uint8_t	
[13]	0x48	0x2000001D	uint8_t	
[14]	0x00	0x2000001E	uint8_t	
[15]	0x88	0x2000001F	uint8_t	
[16]	0x40	0x20000020	uint8_t	
[17]	0x1C	0x20000021	uint8_t	
[18]	0x5D	0x20000022	uint8_t	
[19]	0x49	0x20000023	uint8_t	
[20]	0x08	0x20000024	uint8_t	
[21]	0x80	0x20000025	uint8_t	
[22]	0x62	0x20000026	uint8_t	
[23]	0xE0	0x20000027	uint8_t	
[24]	0x5B	0x20000028	uint8_t	
[25]	0x48	0x20000029	uint8_t	
[26]	0x00	0x2000002A	uint8_t	
[27]	0x88	0x2000002B	uint8_t	
[28]	0x33	0x2000002C	uint8_t	
[29]	0x28	0x2000002D	uint8_t	
[30]	0x05	0x2000002E	uint8_t	
[31]	0xDA	0x2000002F	uint8_t	
[32]	0x59	0x20000030	uint8_t	
[33]	0x48	0x20000031	uint8_t	
[34]	0x00	0x20000032	uint8_t	
[35]	0x88	0x20000033	uint8_t	
[36]	0x40	0x20000034	uint8_t	
[37]	0x1C	0x20000035	uint8_t	
[38]	0x58	0x20000036	uint8_t	
[39]	0x49	0x20000037	uint8_t	
[40]	0x08	0x20000038	uint8_t	
[41]	0x80	0x20000039	uint8_t	
[42]	0x58	0x2000003A	uint8_t	
[43]	0xE0	0x2000003B	uint8_t	
[44]	0x56	0x2000003C	uint8_t	
[45]	0x48	0x2000003D	uint8_t	
[46]	0x00	0x2000003E	uint8_t	
[47]	0x88	0x2000003F	uint8_t	
[48]	0x33	0x20000040	uint8_t	
[49]	0x28	0x20000041	uint8_t	
[50]	0x54	0x20000042	uint8_t	
[51]	0xDB	0x20000043	uint8_t	
[52]	0x20	0x20000044	uint8_t	
[53]	0x00	0x20000045	uint8_t	
[54]	0x04	0x20000046	uint8_t	
[55]	0x00	0x20000047	uint8_t	
[56]	0x64	0x20000048	uint8_t	
[57]	0x1C	0x20000049	uint8_t	
[58]	0x80	0x2000004A	uint8_t	
[59]	0xB2	0x2000004B	uint8_t	
[60]	0x64	0x2000004C	uint8_t	
[61]	0x28	0x2000004D	uint8_t	
[62]	0x0C	0x2000004E	uint8_t	
[63]	0xDA	0x2000004F	uint8_t	
[64]	0x4A	0x20000050	uint8_t	
[65]	0x48	0x20000051	uint8_t	
[66]	0x00	0x20000052	uint8_t	
[67]	0x88	0x20000053	uint8_t	
[68]	0x00	0x20000054	uint8_t	
[69]	0x28	0x20000055	uint8_t	
[70]	0x01	0x20000056	uint8_t	
[71]	0xD1	0x20000057	uint8_t	
[72]	0x04	0x20000058	uint8_t	
[73]	0x20	0x20000059	uint8_t	
[74]	0x49	0x2000005A	uint8_t	
[75]	0xE0	0x2000005B	uint8_t	
[76]	0xFF	0x2000005C	uint8_t	
[77]	0xF7	0x2000005D	uint8_t	
[78]	0x34	0x2000005E	uint8_t	
[79]	0xFE	0x2000005F	uint8_t	
[80]	0x81	0x20000060	uint8_t	
[81]	0x20	0x20000061	uint8_t	
[82]	0xFF	0x20000062	uint8_t	
[83]	0xF7	0x20000063	uint8_t	
[84]	0xCB	0x20000064	uint8_t	
[85]	0xFE	0x20000065	uint8_t	
[86]	0x00	0x20000066	uint8_t	
[87]	0x28	0x20000067	uint8_t	
[88]	0xEC	0x20000068	uint8_t	
[89]	0xD1	0x20000069	uint8_t	
[90]	0xA4	0x2000006A	uint8_t	
[91]	0xB2	0x2000006B	uint8_t	
[92]	0x64	0x2000006C	uint8_t	
[93]	0x2C	0x2000006D	uint8_t	
[94]	0x04	0x2000006E	uint8_t	
[95]	0xDB	0x2000006F	uint8_t	
[96]	0x00	0x20000070	uint8_t	
[97]	0x20	0x20000071	uint8_t	
[98]	0x49	0x20000072	uint8_t	
[99]	0x49	0x20000073	uint8_t	
[100]	0x08	0x20000074	uint8_t	
[101]	0x80	0x20000075	uint8_t	
[102]	0x01	0x20000076	uint8_t	
[103]	0x20	0x20000077	uint8_t	
[104]	0x3A	0x20000078	uint8_t	
[105]	0xE0	0x20000079	uint8_t	
[106]	0x00	0x2000007A	uint8_t	
[107]	0x25	0x2000007B	uint8_t	
[108]	0x01	0x2000007C	uint8_t	
[109]	0x20	0x2000007D	uint8_t	
[110]	0xFF	0x2000007E	uint8_t	
[111]	0xF7	0x2000007F	uint8_t	
[112]	0xFC	0x20000080	uint8_t	
[113]	0xFE	0x20000081	uint8_t	
[114]	0x3F	0x20000082	uint8_t	
[115]	0x49	0x20000083	uint8_t	
[116]	0x08	0x20000084	uint8_t	
[117]	0x70	0x20000085	uint8_t	
[118]	0x0A	0x20000086	uint8_t	
[119]	0x20	0x20000087	uint8_t	
[120]	0xFF	0x20000088	uint8_t	
[121]	0xF7	0x20000089	uint8_t	
[122]	0x6C	0x2000008A	uint8_t	
[123]	0xFA	0x2000008B	uint8_t	
[124]	0x01	0x2000008C	uint8_t	
[125]	0x20	0x2000008D	uint8_t	
[126]	0xFF	0x2000008E	uint8_t	
[127]	0xF7	0x2000008F	uint8_t	
[128]	0xF4	0x20000090	uint8_t	
[129]	0xFE	0x20000091	uint8_t	
[130]	0x3B	0x20000092	uint8_t	
[131]	0x49	0x20000093	uint8_t	
[132]	0x48	0x20000094	uint8_t	
[133]	0x70	0x20000095	uint8_t	
[134]	0x0A	0x20000096	uint8_t	
[135]	0x20	0x20000097	uint8_t	
[136]	0xFF	0x20000098	uint8_t	
[137]	0xF7	0x20000099	uint8_t	
[138]	0x64	0x2000009A	uint8_t	
[139]	0xFA	0x2000009B	uint8_t	
[140]	0x00	0x2000009C	uint8_t	
[141]	0x20	0x2000009D	uint8_t	
[142]	0xFF	0x2000009E	uint8_t	
[143]	0xF7	0x2000009F	uint8_t	
[144]	0xEC	0x200000A0	uint8_t	
[145]	0xFE	0x200000A1	uint8_t	
[146]	0x37	0x200000A2	uint8_t	
[147]	0x49	0x200000A3	uint8_t	
[148]	0x88	0x200000A4	uint8_t	
[149]	0x70	0x200000A5	uint8_t	
[150]	0xFF	0x200000A6	uint8_t	
[151]	0xF7	0x200000A7	uint8_t	
[152]	0x33	0x200000A8	uint8_t	
[153]	0xFE	0x200000A9	uint8_t	
[154]	0x35	0x200000AA	uint8_t	
[155]	0x48	0x200000AB	uint8_t	
[156]	0x40	0x200000AC	uint8_t	
[157]	0x78	0x200000AD	uint8_t	
[158]	0x80	0x200000AE	uint8_t	
[159]	0x07	0x200000AF	uint8_t	
[160]	0x1D	0x200000B0	uint8_t	
[161]	0xD5	0x200000B1	uint8_t	
[162]	0x33	0x200000B2	uint8_t	
[163]	0x48	0x200000B3	uint8_t	
[164]	0x00	0x200000B4	uint8_t	
[165]	0x78	0x200000B5	uint8_t	
[166]	0x00	0x200000B6	uint8_t	
[167]	0x02	0x200000B7	uint8_t	
[168]	0x80	0x200000B8	uint8_t	
[169]	0xB2	0x200000B9	uint8_t	
[170]	0x31	0x200000BA	uint8_t	
[171]	0x49	0x200000BB	uint8_t	
[172]	0x49	0x200000BC	uint8_t	
[173]	0x78	0x200000BD	uint8_t	
[174]	0x40	0x200000BE	uint8_t	
[175]	0x18	0x200000BF	uint8_t	
[176]	0x01	0x200000C0	uint8_t	
[177]	0xF0	0x200000C1	uint8_t	
[178]	0x9A	0x200000C2	uint8_t	
[179]	0xFC	0x200000C3	uint8_t	
[180]	0x05	0x200000C4	uint8_t	
[181]	0x00	0x200000C5	uint8_t	
[182]	0x35	0x200000C6	uint8_t	
[183]	0x48	0x200000C7	uint8_t	
[184]	0x29	0x200000C8	uint8_t	
[185]	0x00	0x200000C9	uint8_t	
[186]	0x01	0x200000CA	uint8_t	
[187]	0xF0	0x200000CB	uint8_t	
[188]	0xE6	0x200000CC	uint8_t	
[189]	0xFE	0x200000CD	uint8_t	
[190]	0x8F	0x200000CE	uint8_t	
[191]	0x21	0x200000CF	uint8_t	
[192]	0xC9	0x200000D0	uint8_t	
[193]	0x05	0x200000D1	uint8_t	
[194]	0x01	0x200000D2	uint8_t	
[195]	0xF0	0x200000D3	uint8_t	
[196]	0x3C	0x200000D4	uint8_t	
[197]	0xFF	0x200000D5	uint8_t	
[198]	0x32	0x200000D6	uint8_t	
[199]	0x49	0x200000D7	uint8_t	
[200]	0x01	0x200000D8	uint8_t	
[201]	0xF0	0x200000D9	uint8_t	
[202]	0x8E	0x200000DA	uint8_t	
[203]	0xFF	0x200000DB	uint8_t	
[204]	0x02	0x200000DC	uint8_t	
[205]	0xF0	0x200000DD	uint8_t	
[206]	0x18	0x200000DE	uint8_t	
[207]	0xF8	0x200000DF	uint8_t	
[208]	0x30	0x200000E0	uint8_t	
[209]	0x49	0x200000E1	uint8_t	
[210]	0x08	0x200000E2	uint8_t	
[211]	0x80	0x200000E3	uint8_t	
[212]	0x00	0x200000E4	uint8_t	
[213]	0x20	0x200000E5	uint8_t	
[214]	0x2C	0x200000E6	uint8_t	
[215]	0x49	0x200000E7	uint8_t	
[216]	0x08	0x200000E8	uint8_t	
[217]	0x80	0x200000E9	uint8_t	
[218]	0x00	0x200000EA	uint8_t	
[219]	0x20	0x200000EB	uint8_t	
[220]	0x00	0x200000EC	uint8_t	
[221]	0xE0	0x200000ED	uint8_t	
[222]	0x02	0x200000EE	uint8_t	
[223]	0x20	0x200000EF	uint8_t	
[224]	0x32	0x200000F0	uint8_t	
[225]	0xBD	0x200000F1	uint8_t	
[226]	0x00	0x200000F2	uint8_t	
[227]	0x00	0x200000F3	uint8_t	
[228]	0x3A	0x200000F4	uint8_t	
[229]	0x04	0x200000F5	uint8_t	
[230]	0x00	0x200000F6	uint8_t	
[231]	0x20	0x200000F7	uint8_t	
[232]	0x80	0x200000F8	uint8_t	
[233]	0xB5	0x200000F9	uint8_t	
[234]	0x20	0x200000FA	uint8_t	
[235]	0x48	0x200000FB	uint8_t	
[236]	0x00	0x200000FC	uint8_t	
[237]	0x88	0x200000FD	uint8_t	
[238]	0x02	0x200000FE	uint8_t	
[239]	0x28	0x200000FF	uint8_t	
[240]	0x02	0x20000100	uint8_t	
[241]	0xD0	0x20000101	uint8_t	
[242]	0x03	0x20000102	uint8_t	
[243]	0x28	0x20000103	uint8_t	
[244]	0x0C	0x20000104	uint8_t	
[245]	0xD0	0x20000105	uint8_t	
[246]	0x17	0x20000106	uint8_t	
[247]	0xE0	0x20000107	uint8_t	
[248]	0xFF	0x20000108	uint8_t	
[249]	0xF7	0x20000109	uint8_t	
[250]	0xEA	0x2000010A	uint8_t	
[251]	0xFE	0x2000010B	uint8_t	
[252]	0x00	0x2000010C	uint8_t	
[253]	0x28	0x2000010D	uint8_t	
[254]	0x06	0x2000010E	uint8_t	
[255]	0xD1	0x2000010F	uint8_t	
[256]	0x03	0x20000110	uint8_t	
[257]	0x20	0x20000111	uint8_t	
[258]	0x1A	0x20000112	uint8_t	
[259]	0x49	0x20000113	uint8_t	
[260]	0x08	0x20000114	uint8_t	
[261]	0x80	0x20000115	uint8_t	
[262]	0x19	0x20000116	uint8_t	
[263]	0x48	0x20000117	uint8_t	
[264]	0x00	0x20000118	uint8_t	
[265]	0x88	0x20000119	uint8_t	
[266]	0x23	0x2000011A	uint8_t	
[267]	0x49	0x2000011B	uint8_t	
[268]	0x08	0x2000011C	uint8_t	
[269]	0x80	0x2000011D	uint8_t	
[270]	0x0B	0x2000011E	uint8_t	
[271]	0xE0	0x2000011F	uint8_t	
[272]	0xFF	0x20000120	uint8_t	
[273]	0xF7	0x20000121	uint8_t	
[274]	0x66	0x20000122	uint8_t	
[275]	0xFF	0x20000123	uint8_t	
[276]	0x00	0x20000124	uint8_t	
[277]	0x28	0x20000125	uint8_t	
[278]	0x06	0x20000126	uint8_t	
[279]	0xD1	0x20000127	uint8_t	
[280]	0x02	0x20000128	uint8_t	
[281]	0x20	0x20000129	uint8_t	
[282]	0x14	0x2000012A	uint8_t	
[283]	0x49	0x2000012B	uint8_t	
[284]	0x08	0x2000012C	uint8_t	
[285]	0x80	0x2000012D	uint8_t	
[286]	0x13	0x2000012E	uint8_t	
[287]	0x48	0x2000012F	uint8_t	
[288]	0x00	0x20000130	uint8_t	
[289]	0x88	0x20000131	uint8_t	
[290]	0x1D	0x20000132	uint8_t	
[291]	0x49	0x20000133	uint8_t	
[292]	0x08	0x20000134	uint8_t	
[293]	0x80	0x20000135	uint8_t	
[294]	0xFF	0x20000136	uint8_t	
[295]	0xE7	0x20000137	uint8_t	
[296]	0x16	0x20000138	uint8_t	
[297]	0x48	0x20000139	uint8_t	
[298]	0x00	0x2000013A	uint8_t	
[299]	0x21	0x2000013B	uint8_t	
[300]	0x40	0x2000013C	uint8_t	
[301]	0x5E	0x2000013D	uint8_t	
[302]	0xFA	0x2000013E	uint8_t	
[303]	0x21	0x2000013F	uint8_t	
[304]	0x89	0x20000140	uint8_t	
[305]	0x00	0x20000141	uint8_t	
[306]	0x88	0x20000142	uint8_t	
[307]	0x42	0x20000143	uint8_t	
[308]	0x03	0x20000144	uint8_t	
[309]	0xDB	0x20000145	uint8_t	
[310]	0x19	0x20000146	uint8_t	
[311]	0x48	0x20000147	uint8_t	
[312]	0x12	0x20000148	uint8_t	
[313]	0x49	0x20000149	uint8_t	
[314]	0x08	0x2000014A	uint8_t	
[315]	0x80	0x2000014B	uint8_t	
[316]	0x08	0x2000014C	uint8_t	
[317]	0xE0	0x2000014D	uint8_t	
[318]	0x11	0x2000014E	uint8_t	
[319]	0x48	0x2000014F	uint8_t	
[320]	0x00	0x20000150	uint8_t	
[321]	0x21	0x20000151	uint8_t	
[322]	0x40	0x20000152	uint8_t	
[323]	0x5E	0x20000153	uint8_t	
[324]	0x16	0x20000154	uint8_t	
[325]	0x49	0x20000155	uint8_t	
[326]	0x88	0x20000156	uint8_t	
[327]	0x42	0x20000157	uint8_t	
[328]	0x02	0x20000158	uint8_t	
[329]	0xDA	0x20000159	uint8_t	
[330]	0x15	0x2000015A	uint8_t	
[331]	0x48	0x2000015B	uint8_t	
[332]	0x0D	0x2000015C	uint8_t	
[333]	0x49	0x2000015D	uint8_t	
[334]	0x08	0x2000015E	uint8_t	
[335]	0x80	0x2000015F	uint8_t	
[336]	0x10	0x20000160	uint8_t	
[337]	0x48	0x20000161	uint8_t	
[338]	0x00	0x20000162	uint8_t	
[339]	0x21	0x20000163	uint8_t	
[340]	0x40	0x20000164	uint8_t	
[341]	0x5E	0x20000165	uint8_t	
[342]	0xFA	0x20000166	uint8_t	
[343]	0x21	0x20000167	uint8_t	
[344]	0x89	0x20000168	uint8_t	
[345]	0x00	0x20000169	uint8_t	
[346]	0x88	0x2000016A	uint8_t	
[347]	0x42	0x2000016B	uint8_t	
[348]	0x02	0x2000016C	uint8_t	
[349]	0xDB	0x2000016D	uint8_t	
[350]	0x0F	0x2000016E	uint8_t	
[351]	0x48	0x2000016F	uint8_t	
[352]	0x0C	0x20000170	uint8_t	
[353]	0x49	0x20000171	uint8_t	
[354]	0x08	0x20000172	uint8_t	
[355]	0x80	0x20000173	uint8_t	
[356]	0x01	0x20000174	uint8_t	
[357]	0xBD	0x20000175	uint8_t	
[358]	0x00	0x20000176	uint8_t	
[359]	0x00	0x20000177	uint8_t	
[360]	0x3E	0x20000178	uint8_t	
[361]	0x04	0x20000179	uint8_t	
[362]	0x00	0x2000017A	uint8_t	
[363]	0x20	0x2000017B	uint8_t	
[364]	0x46	0x2000017C	uint8_t	
[365]	0x04	0x2000017D	uint8_t	
[366]	0x00	0x2000017E	uint8_t	
[367]	0x20	0x2000017F	uint8_t	
[368]	0xC8	0x20000180	uint8_t	
[369]	0x03	0x20000181	uint8_t	
[370]	0x00	0x20000182	uint8_t	
[371]	0x20	0x20000183	uint8_t	
[372]	0xCD	0x20000184	uint8_t	
[373]	0xCC	0x20000185	uint8_t	
[374]	0xCC	0x20000186	uint8_t	
[375]	0xCC	0x20000187	uint8_t	
[376]	0xCC	0x20000188	uint8_t	
[377]	0x74	0x20000189	uint8_t	
[378]	0x9B	0x2000018A	uint8_t	
[379]	0x40	0x2000018B	uint8_t	
[380]	0x00	0x2000018C	uint8_t	
[381]	0x00	0x2000018D	uint8_t	
[382]	0xF0	0x2000018E	uint8_t	
[383]	0x40	0x2000018F	uint8_t	
[384]	0x00	0x20000190	uint8_t	
[385]	0x48	0x20000191	uint8_t	
[386]	0x7D	0x20000192	uint8_t	
[387]	0xC0	0x20000193	uint8_t	
[388]	0x18	0x20000194	uint8_t	
[389]	0x04	0x20000195	uint8_t	
[390]	0x00	0x20000196	uint8_t	
[391]	0x20	0x20000197	uint8_t	
[392]	0x3C	0x20000198	uint8_t	
[393]	0x04	0x20000199	uint8_t	
[394]	0x00	0x2000019A	uint8_t	
[395]	0x20	0x2000019B	uint8_t	
[396]	0x00	0x2000019C	uint8_t	
[397]	0x40	0x2000019D	uint8_t	
[398]	0x9C	0x2000019E	uint8_t	
[399]	0x44	0x2000019F	uint8_t	
[400]	0x00	0x200001A0	uint8_t	
[401]	0x00	0x200001A1	uint8_t	
[402]	0x70	0x200001A2	uint8_t	
[403]	0xC2	0x200001A3	uint8_t	
[404]	0x1A	0x200001A4	uint8_t	
[405]	0x04	0x200001A5	uint8_t	
[406]	0x00	0x200001A6	uint8_t	
[407]	0x20	0x200001A7	uint8_t	
[408]	0x48	0x200001A8	uint8_t	
[409]	0x04	0x200001A9	uint8_t	
[410]	0x00	0x200001AA	uint8_t	
[411]	0x20	0x200001AB	uint8_t	
[412]	0xE7	0x200001AC	uint8_t	
[413]	0x03	0x200001AD	uint8_t	
[414]	0x00	0x200001AE	uint8_t	
[415]	0x00	0x200001AF	uint8_t	
[416]	0x19	0x200001B0	uint8_t	
[417]	0xFC	0x200001B1	uint8_t	
[418]	0xFF	0x200001B2	uint8_t	
[419]	0xFF	0x200001B3	uint8_t	
[420]	0x80	0x200001B4	uint8_t	
[421]	0xB5	0x200001B5	uint8_t	
[422]	0x2C	0x200001B6	uint8_t	
[423]	0x48	0x200001B7	uint8_t	
[424]	0x00	0x200001B8	uint8_t	
[425]	0x78	0x200001B9	uint8_t	
[426]	0x00	0x200001BA	uint8_t	
[427]	0x28	0x200001BB	uint8_t	
[428]	0x53	0x200001BC	uint8_t	
[429]	0xD0	0x200001BD	uint8_t	
[430]	0x2B	0x200001BE	uint8_t	
[431]	0x48	0x200001BF	uint8_t	
[432]	0x00	0x200001C0	uint8_t	
[433]	0x88	0x200001C1	uint8_t	
[434]	0x00	0x200001C2	uint8_t	
[435]	0x28	0x200001C3	uint8_t	
[436]	0x3F	0x200001C4	uint8_t	
[437]	0xD1	0x200001C5	uint8_t	
[438]	0xFF	0x200001C6	uint8_t	
[439]	0xF7	0x200001C7	uint8_t	
[440]	0xF6	0x200001C8	uint8_t	
[441]	0xFB	0x200001C9	uint8_t	
[442]	0x01	0x200001CA	uint8_t	
[443]	0x28	0x200001CB	uint8_t	
[444]	0x2A	0x200001CC	uint8_t	
[445]	0xD1	0x200001CD	uint8_t	
[446]	0x00	0x200001CE	uint8_t	
[447]	0x20	0x200001CF	uint8_t	
[448]	0x27	0x200001D0	uint8_t	
[449]	0x49	0x200001D1	uint8_t	
[450]	0x08	0x200001D2	uint8_t	
[451]	0x80	0x200001D3	uint8_t	
[452]	0x00	0x200001D4	uint8_t	
[453]	0x20	0x200001D5	uint8_t	
[454]	0x27	0x200001D6	uint8_t	
[455]	0x49	0x200001D7	uint8_t	
[456]	0x08	0x200001D8	uint8_t	
[457]	0x80	0x200001D9	uint8_t	
[458]	0xFF	0x200001DA	uint8_t	
[459]	0xF7	0x200001DB	uint8_t	
[460]	0xF3	0x200001DC	uint8_t	
[461]	0xFB	0x200001DD	uint8_t	
[462]	0x00	0x200001DE	uint8_t	
[463]	0x28	0x200001DF	uint8_t	
[464]	0x13	0x200001E0	uint8_t	
[465]	0xD1	0x200001E1	uint8_t	
[466]	0x00	0x200001E2	uint8_t	
[467]	0x20	0x200001E3	uint8_t	
[468]	0x22	0x200001E4	uint8_t	
[469]	0x49	0x200001E5	uint8_t	
[470]	0x08	0x200001E6	uint8_t	
[471]	0x80	0x200001E7	uint8_t	
[472]	0x00	0x200001E8	uint8_t	
[473]	0x20	0x200001E9	uint8_t	
[474]	0x22	0x200001EA	uint8_t	
[475]	0x49	0x200001EB	uint8_t	
[476]	0x08	0x200001EC	uint8_t	
[477]	0x80	0x200001ED	uint8_t	
[478]	0x80	0x200001EE	uint8_t	
[479]	0x21	0x200001EF	uint8_t	
[480]	0x09	0x200001F0	uint8_t	
[481]	0x02	0x200001F1	uint8_t	
[482]	0x21	0x200001F2	uint8_t	
[483]	0x48	0x200001F3	uint8_t	
[484]	0x01	0x200001F4	uint8_t	
[485]	0xF0	0x200001F5	uint8_t	
[486]	0xEE	0x200001F6	uint8_t	
[487]	0xF9	0x200001F7	uint8_t	
[488]	0x80	0x200001F8	uint8_t	
[489]	0x21	0x200001F9	uint8_t	
[490]	0xC9	0x200001FA	uint8_t	
[491]	0x01	0x200001FB	uint8_t	
[492]	0x1E	0x200001FC	uint8_t	
[493]	0x48	0x200001FD	uint8_t	
[494]	0x01	0x200001FE	uint8_t	
[495]	0xF0	0x200001FF	uint8_t	
[496]	0xEC	0x20000200	uint8_t	
[497]	0xF9	0x20000201	uint8_t	
[498]	0x02	0x20000202	uint8_t	
[499]	0x20	0x20000203	uint8_t	
[500]	0x1D	0x20000204	uint8_t	
[501]	0x49	0x20000205	uint8_t	
[502]	0x08	0x20000206	uint8_t	
[503]	0x70	0x20000207	uint8_t	
[504]	0x0C	0x20000208	uint8_t	
[505]	0xE0	0x20000209	uint8_t	
[506]	0x80	0x2000020A	uint8_t	
[507]	0x21	0x2000020B	uint8_t	
[508]	0x09	0x2000020C	uint8_t	
[509]	0x02	0x2000020D	uint8_t	
[510]	0x1A	0x2000020E	uint8_t	
[511]	0x48	0x2000020F	uint8_t	
[512]	0x01	0x20000210	uint8_t	
[513]	0xF0	0x20000211	uint8_t	
[514]	0xE3	0x20000212	uint8_t	
[515]	0xF9	0x20000213	uint8_t	
[516]	0x80	0x20000214	uint8_t	
[517]	0x21	0x20000215	uint8_t	
[518]	0xC9	0x20000216	uint8_t	
[519]	0x01	0x20000217	uint8_t	
[520]	0x17	0x20000218	uint8_t	
[521]	0x48	0x20000219	uint8_t	
[522]	0x01	0x2000021A	uint8_t	
[523]	0xF0	0x2000021B	uint8_t	
[524]	0xDB	0x2000021C	uint8_t	
[525]	0xF9	0x2000021D	uint8_t	
[526]	0x01	0x2000021E	uint8_t	
[527]	0x20	0x2000021F	uint8_t	
[528]	0x16	0x20000220	uint8_t	
[529]	0x49	0x20000221	uint8_t	
[530]	0x08	0x20000222	uint8_t	
[531]	0x70	0x20000223	uint8_t	
[532]	0xFF	0x20000224	uint8_t	
[533]	0xF7	0x20000225	uint8_t	
[534]	0xC7	0x20000226	uint8_t	
[535]	0xFB	0x20000227	uint8_t	
[536]	0x00	0x20000228	uint8_t	
[537]	0x28	0x20000229	uint8_t	
[538]	0x0C	0x2000022A	uint8_t	
[539]	0xD1	0x2000022B	uint8_t	
[540]	0x80	0x2000022C	uint8_t	
[541]	0x21	0x2000022D	uint8_t	
[542]	0x09	0x2000022E	uint8_t	
[543]	0x02	0x2000022F	uint8_t	
[544]	0x11	0x20000230	uint8_t	
[545]	0x48	0x20000231	uint8_t	
[546]	0x01	0x20000232	uint8_t	
[547]	0xF0	0x20000233	uint8_t	
[548]	0xD2	0x20000234	uint8_t	
[549]	0xF9	0x20000235	uint8_t	
[550]	0x80	0x20000236	uint8_t	
[551]	0x21	0x20000237	uint8_t	
[552]	0xC9	0x20000238	uint8_t	
[553]	0x01	0x20000239	uint8_t	
[554]	0x0F	0x2000023A	uint8_t	
[555]	0x48	0x2000023B	uint8_t	
[556]	0x01	0x2000023C	uint8_t	
[557]	0xF0	0x2000023D	uint8_t	
[558]	0xCA	0x2000023E	uint8_t	
[559]	0xF9	0x2000023F	uint8_t	
[560]	0x01	0x20000240	uint8_t	
[561]	0x20	0x20000241	uint8_t	
[562]	0x0E	0x20000242	uint8_t	
[563]	0x49	0x20000243	uint8_t	
[564]	0x08	0x20000244	uint8_t	
[565]	0x70	0x20000245	uint8_t	
[566]	0x09	0x20000246	uint8_t	
[567]	0x48	0x20000247	uint8_t	
[568]	0x00	0x20000248	uint8_t	
[569]	0x88	0x20000249	uint8_t	
[570]	0x40	0x2000024A	uint8_t	
[571]	0x1C	0x2000024B	uint8_t	
[572]	0x07	0x2000024C	uint8_t	
[573]	0x49	0x2000024D	uint8_t	
[574]	0x08	0x2000024E	uint8_t	
[575]	0x80	0x2000024F	uint8_t	
[576]	0x06	0x20000250	uint8_t	
[577]	0x48	0x20000251	uint8_t	
[578]	0x00	0x20000252	uint8_t	
[579]	0x88	0x20000253	uint8_t	
[580]	0x0A	0x20000254	uint8_t	
[581]	0x49	0x20000255	uint8_t	
[582]	0x88	0x20000256	uint8_t	
[583]	0x42	0x20000257	uint8_t	
[584]	0x05	0x20000258	uint8_t	
[585]	0xDB	0x20000259	uint8_t	
[586]	0x00	0x2000025A	uint8_t	
[587]	0x20	0x2000025B	uint8_t	
[588]	0x02	0x2000025C	uint8_t	
[589]	0x49	0x2000025D	uint8_t	
[590]	0x08	0x2000025E	uint8_t	
[591]	0x70	0x2000025F	uint8_t	
[592]	0x00	0x20000260	uint8_t	
[593]	0x20	0x20000261	uint8_t	
[594]	0x02	0x20000262	uint8_t	
[595]	0x49	0x20000263	uint8_t	
[596]	0x08	0x20000264	uint8_t	
[597]	0x80	0x20000265	uint8_t	
[598]	0x01	0x20000266	uint8_t	
[599]	0xBD	0x20000267	uint8_t	
[600]	0x67	0x20000268	uint8_t	
[601]	0x04	0x20000269	uint8_t	
[602]	0x00	0x2000026A	uint8_t	
[603]	0x20	0x2000026B	uint8_t	
[604]	0x50	0x2000026C	uint8_t	
[605]	0x04	0x2000026D	uint8_t	
[606]	0x00	0x2000026E	uint8_t	
[607]	0x20	0x2000026F	uint8_t	
[608]	0x2C	0x20000270	uint8_t	
[609]	0x04	0x20000271	uint8_t	
[610]	0x00	0x20000272	uint8_t	
[611]	0x20	0x20000273	uint8_t	
[612]	0x2A	0x20000274	uint8_t	
[613]	0x04	0x20000275	uint8_t	
[614]	0x00	0x20000276	uint8_t	
[615]	0x20	0x20000277	uint8_t	
[616]	0x00	0x20000278	uint8_t	
[617]	0x08	0x20000279	uint8_t	
[618]	0x00	0x2000027A	uint8_t	
[619]	0x48	0x2000027B	uint8_t	
[620]	0x64	0x2000027C	uint8_t	
[621]	0x04	0x2000027D	uint8_t	
[622]	0x00	0x2000027E	uint8_t	
[623]	0x20	0x2000027F	uint8_t	
[624]	0x21	0x20000280	uint8_t	
[625]	0x4E	0x20000281	uint8_t	
[626]	0x00	0x20000282	uint8_t	
[627]	0x00	0x20000283	uint8_t	
[628]	0x10	0x20000284	uint8_t	
[629]	0xB5	0x20000285	uint8_t	
[630]	0x9A	0x20000286	uint8_t	
[631]	0x48	0x20000287	uint8_t	
[632]	0x00	0x20000288	uint8_t	
[633]	0x88	0x20000289	uint8_t	
[634]	0x00	0x2000028A	uint8_t	
[635]	0x28	0x2000028B	uint8_t	
[636]	0x00	0x2000028C	uint8_t	
[637]	0xD0	0x2000028D	uint8_t	
[638]	0x10	0x2000028E	uint8_t	
[639]	0xE1	0x2000028F	uint8_t	
[640]	0x88	0x20000290	uint8_t	
[641]	0x48	0x20000291	uint8_t	
[642]	0x00	0x20000292	uint8_t	
[643]	0x78	0x20000293	uint8_t	
[644]	0x00	0x20000294	uint8_t	
[645]	0x28	0x20000295	uint8_t	
[646]	0x00	0x20000296	uint8_t	
[647]	0xD0	0x20000297	uint8_t	
[648]	0x0B	0x20000298	uint8_t	
[649]	0xE1	0x20000299	uint8_t	
[650]	0xFF	0x2000029A	uint8_t	
[651]	0xF7	0x2000029B	uint8_t	
[652]	0xF7	0x2000029C	uint8_t	
[653]	0xFA	0x2000029D	uint8_t	
[654]	0x00	0x2000029E	uint8_t	
[655]	0x28	0x2000029F	uint8_t	
[656]	0x00	0x200002A0	uint8_t	
[657]	0xD0	0x200002A1	uint8_t	
[658]	0xFF	0x200002A2	uint8_t	
[659]	0xE0	0x200002A3	uint8_t	
[660]	0x93	0x200002A4	uint8_t	
[661]	0x48	0x200002A5	uint8_t	
[662]	0x00	0x200002A6	uint8_t	
[663]	0x78	0x200002A7	uint8_t	
[664]	0x01	0x200002A8	uint8_t	
[665]	0x28	0x200002A9	uint8_t	
[666]	0x00	0x200002AA	uint8_t	
[667]	0xD0	0x200002AB	uint8_t	
[668]	0xFA	0x200002AC	uint8_t	
[669]	0xE0	0x200002AD	uint8_t	
[670]	0x00	0x200002AE	uint8_t	
[671]	0x20	0x200002AF	uint8_t	
[672]	0x91	0x200002B0	uint8_t	
[673]	0x49	0x200002B1	uint8_t	
[674]	0x08	0x200002B2	uint8_t	
[675]	0x80	0x200002B3	uint8_t	
[676]	0x0A	0x200002B4	uint8_t	
[677]	0x20	0x200002B5	uint8_t	
[678]	0xFF	0x200002B6	uint8_t	
[679]	0xF7	0x200002B7	uint8_t	
[680]	0x5D	0x200002B8	uint8_t	
[681]	0xF9	0x200002B9	uint8_t	
[682]	0xFF	0x200002BA	uint8_t	
[683]	0xF7	0x200002BB	uint8_t	
[684]	0xE7	0x200002BC	uint8_t	
[685]	0xFA	0x200002BD	uint8_t	
[686]	0x00	0x200002BE	uint8_t	
[687]	0x28	0x200002BF	uint8_t	
[688]	0x0E	0x200002C0	uint8_t	
[689]	0xD1	0x200002C1	uint8_t	
[690]	0x8D	0x200002C2	uint8_t	
[691]	0x48	0x200002C3	uint8_t	
[692]	0x00	0x200002C4	uint8_t	
[693]	0x88	0x200002C5	uint8_t	
[694]	0xFA	0x200002C6	uint8_t	
[695]	0x21	0x200002C7	uint8_t	
[696]	0xC9	0x200002C8	uint8_t	
[697]	0x00	0x200002C9	uint8_t	
[698]	0x88	0x200002CA	uint8_t	
[699]	0x42	0x200002CB	uint8_t	
[700]	0x08	0x200002CC	uint8_t	
[701]	0xDA	0x200002CD	uint8_t	
[702]	0x8A	0x200002CE	uint8_t	
[703]	0x48	0x200002CF	uint8_t	
[704]	0x00	0x200002D0	uint8_t	
[705]	0x88	0x200002D1	uint8_t	
[706]	0x40	0x200002D2	uint8_t	
[707]	0x1C	0x200002D3	uint8_t	
[708]	0x88	0x200002D4	uint8_t	
[709]	0x49	0x200002D5	uint8_t	
[710]	0x08	0x200002D6	uint8_t	
[711]	0x80	0x200002D7	uint8_t	
[712]	0x01	0x200002D8	uint8_t	
[713]	0x20	0x200002D9	uint8_t	
[714]	0xFF	0x200002DA	uint8_t	
[715]	0xF7	0x200002DB	uint8_t	
[716]	0x4B	0x200002DC	uint8_t	
[717]	0xF9	0x200002DD	uint8_t	
[718]	0xEC	0x200002DE	uint8_t	
[719]	0xE7	0x200002DF	uint8_t	
[720]	0x85	0x200002E0	uint8_t	
[721]	0x48	0x200002E1	uint8_t	
[722]	0x00	0x200002E2	uint8_t	
[723]	0x88	0x200002E3	uint8_t	
[724]	0xFA	0x200002E4	uint8_t	
[725]	0x21	0x200002E5	uint8_t	
[726]	0xC9	0x200002E6	uint8_t	
[727]	0x00	0x200002E7	uint8_t	
[728]	0x88	0x200002E8	uint8_t	
[729]	0x42	0x200002E9	uint8_t	
[730]	0x28	0x200002EA	uint8_t	
[731]	0xDA	0x200002EB	uint8_t	
[732]	0x83	0x200002EC	uint8_t	
[733]	0x48	0x200002ED	uint8_t	
[734]	0x00	0x200002EE	uint8_t	
[735]	0x68	0x200002EF	uint8_t	
[736]	0x00	0x200002F0	uint8_t	
[737]	0x28	0x200002F1	uint8_t	
[738]	0x09	0x200002F2	uint8_t	
[739]	0xD1	0x200002F3	uint8_t	
[740]	0x01	0x200002F4	uint8_t	
[741]	0x20	0x200002F5	uint8_t	
[742]	0x97	0x200002F6	uint8_t	
[743]	0x49	0x200002F7	uint8_t	
[744]	0x08	0x200002F8	uint8_t	
[745]	0x70	0x200002F9	uint8_t	
[746]	0x05	0x200002FA	uint8_t	
[747]	0x20	0x200002FB	uint8_t	
[748]	0x96	0x200002FC	uint8_t	
[749]	0x49	0x200002FD	uint8_t	
[750]	0x08	0x200002FE	uint8_t	
[751]	0x70	0x200002FF	uint8_t	
[752]	0x02	0x20000300	uint8_t	
[753]	0x20	0x20000301	uint8_t	
[754]	0x7F	0x20000302	uint8_t	
[755]	0x49	0x20000303	uint8_t	
[756]	0x08	0x20000304	uint8_t	
[757]	0x70	0x20000305	uint8_t	
[758]	0x13	0x20000306	uint8_t	
[759]	0xE0	0x20000307	uint8_t	
[760]	0x7E	0x20000308	uint8_t	
[761]	0x48	0x20000309	uint8_t	
[762]	0x00	0x2000030A	uint8_t	
[763]	0x68	0x2000030B	uint8_t	
[764]	0x00	0x2000030C	uint8_t	
[765]	0x28	0x2000030D	uint8_t	
[766]	0x0C	0x2000030E	uint8_t	
[767]	0xD1	0x2000030F	uint8_t	
[768]	0x92	0x20000310	uint8_t	
[769]	0x48	0x20000311	uint8_t	
[770]	0x00	0x20000312	uint8_t	
[771]	0x88	0x20000313	uint8_t	
[772]	0x40	0x20000314	uint8_t	
[773]	0x1C	0x20000315	uint8_t	
[774]	0x91	0x20000316	uint8_t	
[775]	0x49	0x20000317	uint8_t	
[776]	0x08	0x20000318	uint8_t	
[777]	0x80	0x20000319	uint8_t	
[778]	0x90	0x2000031A	uint8_t	
[779]	0x48	0x2000031B	uint8_t	
[780]	0x00	0x2000031C	uint8_t	
[781]	0x88	0x2000031D	uint8_t	
[782]	0x05	0x2000031E	uint8_t	
[783]	0x28	0x2000031F	uint8_t	
[784]	0x06	0x20000320	uint8_t	
[785]	0xDB	0x20000321	uint8_t	
[786]	0x01	0x20000322	uint8_t	
[787]	0x20	0x20000323	uint8_t	
[788]	0x8D	0x20000324	uint8_t	
[789]	0x49	0x20000325	uint8_t	
[790]	0x08	0x20000326	uint8_t	
[791]	0x80	0x20000327	uint8_t	
[792]	0x02	0x20000328	uint8_t	
[793]	0xE0	0x20000329	uint8_t	
[794]	0x00	0x2000032A	uint8_t	
[795]	0x20	0x2000032B	uint8_t	
[796]	0x75	0x2000032C	uint8_t	
[797]	0x49	0x2000032D	uint8_t	
[798]	0x08	0x2000032E	uint8_t	
[799]	0x60	0x2000032F	uint8_t	
[800]	0x8B	0x20000330	uint8_t	
[801]	0x48	0x20000331	uint8_t	
[802]	0x72	0x20000332	uint8_t	
[803]	0x49	0x20000333	uint8_t	
[804]	0x08	0x20000334	uint8_t	
[805]	0x60	0x20000335	uint8_t	
[806]	0x00	0x20000336	uint8_t	
[807]	0x20	0x20000337	uint8_t	
[808]	0x02	0x20000338	uint8_t	
[809]	0xF0	0x20000339	uint8_t	
[810]	0x16	0x2000033A	uint8_t	
[811]	0xF8	0x2000033B	uint8_t	
[812]	0xB2	0x2000033C	uint8_t	
[813]	0xE0	0x2000033D	uint8_t	
[814]	0xFF	0x2000033E	uint8_t	
[815]	0xF7	0x2000033F	uint8_t	
[816]	0xA5	0x20000340	uint8_t	
[817]	0xFA	0x20000341	uint8_t	
[818]	0x00	0x20000342	uint8_t	
[819]	0x28	0x20000343	uint8_t	
[820]	0x00	0x20000344	uint8_t	
[821]	0xD0	0x20000345	uint8_t	
[822]	0xAD	0x20000346	uint8_t	
[823]	0xE0	0x20000347	uint8_t	
[824]	0x6E	0x20000348	uint8_t	
[825]	0x48	0x20000349	uint8_t	
[826]	0x00	0x2000034A	uint8_t	
[827]	0x68	0x2000034B	uint8_t	
[828]	0x00	0x2000034C	uint8_t	
[829]	0x28	0x2000034D	uint8_t	
[830]	0x0B	0x2000034E	uint8_t	
[831]	0xD1	0x2000034F	uint8_t	
[832]	0x01	0x20000350	uint8_t	
[833]	0x20	0x20000351	uint8_t	
[834]	0x6C	0x20000352	uint8_t	
[835]	0x49	0x20000353	uint8_t	
[836]	0x08	0x20000354	uint8_t	
[837]	0x60	0x20000355	uint8_t	
[838]	0x82	0x20000356	uint8_t	
[839]	0x48	0x20000357	uint8_t	
[840]	0x68	0x20000358	uint8_t	
[841]	0x49	0x20000359	uint8_t	
[842]	0x08	0x2000035A	uint8_t	
[843]	0x60	0x2000035B	uint8_t	
[844]	0x00	0x2000035C	uint8_t	
[845]	0x20	0x2000035D	uint8_t	
[846]	0x7C	0x2000035E	uint8_t	
[847]	0x49	0x2000035F	uint8_t	
[848]	0x08	0x20000360	uint8_t	
[849]	0x60	0x20000361	uint8_t	
[850]	0x00	0x20000362	uint8_t	
[851]	0x20	0x20000363	uint8_t	
[852]	0x7F	0x20000364	uint8_t	
[853]	0x49	0x20000365	uint8_t	
[854]	0x08	0x20000366	uint8_t	
[855]	0x60	0x20000367	uint8_t	
[856]	0xFF	0x20000368	uint8_t	
[857]	0xF7	0x20000369	uint8_t	
[858]	0x90	0x2000036A	uint8_t	
[859]	0xFA	0x2000036B	uint8_t	
[860]	0x00	0x2000036C	uint8_t	
[861]	0x28	0x2000036D	uint8_t	
[862]	0x3E	0x2000036E	uint8_t	
[863]	0xD1	0x2000036F	uint8_t	
[864]	0x5F	0x20000370	uint8_t	
[865]	0x48	0x20000371	uint8_t	
[866]	0x00	0x20000372	uint8_t	
[867]	0x88	0x20000373	uint8_t	
[868]	0x00	0x20000374	uint8_t	
[869]	0x28	0x20000375	uint8_t	
[870]	0x3A	0x20000376	uint8_t	
[871]	0xD1	0x20000377	uint8_t	
[872]	0x00	0x20000378	uint8_t	
[873]	0x20	0x20000379	uint8_t	
[874]	0x04	0x2000037A	uint8_t	
[875]	0x00	0x2000037B	uint8_t	
[876]	0x64	0x2000037C	uint8_t	
[877]	0x2C	0x2000037D	uint8_t	
[878]	0x08	0x2000037E	uint8_t	
[879]	0xD2	0x2000037F	uint8_t	
[880]	0x14	0x20000380	uint8_t	
[881]	0x20	0x20000381	uint8_t	
[882]	0xFF	0x20000382	uint8_t	
[883]	0xF7	0x20000383	uint8_t	
[884]	0xF7	0x20000384	uint8_t	
[885]	0xF8	0x20000385	uint8_t	
[886]	0xFF	0x20000386	uint8_t	
[887]	0xF7	0x20000387	uint8_t	
[888]	0x81	0x20000388	uint8_t	
[889]	0xFA	0x20000389	uint8_t	
[890]	0x00	0x2000038A	uint8_t	
[891]	0x28	0x2000038B	uint8_t	
[892]	0x01	0x2000038C	uint8_t	
[893]	0xD1	0x2000038D	uint8_t	
[894]	0x64	0x2000038E	uint8_t	
[895]	0x1C	0x2000038F	uint8_t	
[896]	0xF4	0x20000390	uint8_t	
[897]	0xE7	0x20000391	uint8_t	
[898]	0x64	0x20000392	uint8_t	
[899]	0x2C	0x20000393	uint8_t	
[900]	0x0B	0x20000394	uint8_t	
[901]	0xD3	0x20000395	uint8_t	
[902]	0x74	0x20000396	uint8_t	
[903]	0x48	0x20000397	uint8_t	
[904]	0x00	0x20000398	uint8_t	
[905]	0x68	0x20000399	uint8_t	
[906]	0x40	0x2000039A	uint8_t	
[907]	0x1C	0x2000039B	uint8_t	
[908]	0x72	0x2000039C	uint8_t	
[909]	0x49	0x2000039D	uint8_t	
[910]	0x08	0x2000039E	uint8_t	
[911]	0x60	0x2000039F	uint8_t	
[912]	0x71	0x200003A0	uint8_t	
[913]	0x48	0x200003A1	uint8_t	
[914]	0x00	0x200003A2	uint8_t	
[915]	0x68	0x200003A3	uint8_t	
[916]	0x03	0x200003A4	uint8_t	
[917]	0x28	0x200003A5	uint8_t	
[918]	0x02	0x200003A6	uint8_t	
[919]	0xD3	0x200003A7	uint8_t	
[920]	0x00	0x200003A8	uint8_t	
[921]	0x20	0x200003A9	uint8_t	
[922]	0x6F	0x200003AA	uint8_t	
[923]	0x49	0x200003AB	uint8_t	
[924]	0x08	0x200003AC	uint8_t	
[925]	0x60	0x200003AD	uint8_t	
[926]	0x6E	0x200003AE	uint8_t	
[927]	0x48	0x200003AF	uint8_t	
[928]	0x00	0x200003B0	uint8_t	
[929]	0x68	0x200003B1	uint8_t	
[930]	0x00	0x200003B2	uint8_t	
[931]	0x28	0x200003B3	uint8_t	
[932]	0x06	0x200003B4	uint8_t	
[933]	0xD0	0x200003B5	uint8_t	
[934]	0x00	0x200003B6	uint8_t	
[935]	0x20	0x200003B7	uint8_t	
[936]	0x01	0x200003B8	uint8_t	
[937]	0xF0	0x200003B9	uint8_t	
[938]	0xD6	0x200003BA	uint8_t	
[939]	0xFF	0x200003BB	uint8_t	
[940]	0x01	0x200003BC	uint8_t	
[941]	0x20	0x200003BD	uint8_t	
[942]	0x6B	0x200003BE	uint8_t	
[943]	0x49	0x200003BF	uint8_t	
[944]	0x08	0x200003C0	uint8_t	
[945]	0x60	0x200003C1	uint8_t	
[946]	0x12	0x200003C2	uint8_t	
[947]	0xE0	0x200003C3	uint8_t	
[948]	0xFA	0x200003C4	uint8_t	
[949]	0x20	0x200003C5	uint8_t	
[950]	0x80	0x200003C6	uint8_t	
[951]	0x00	0x200003C7	uint8_t	
[952]	0x01	0x200003C8	uint8_t	
[953]	0xF0	0x200003C9	uint8_t	
[954]	0xCE	0x200003CA	uint8_t	
[955]	0xFF	0x200003CB	uint8_t	
[956]	0x00	0x200003CC	uint8_t	
[957]	0x20	0x200003CD	uint8_t	
[958]	0x67	0x200003CE	uint8_t	
[959]	0x49	0x200003CF	uint8_t	
[960]	0x08	0x200003D0	uint8_t	
[961]	0x60	0x200003D1	uint8_t	
[962]	0xFA	0x200003D2	uint8_t	
[963]	0x20	0x200003D3	uint8_t	
[964]	0x80	0x200003D4	uint8_t	
[965]	0x00	0x200003D5	uint8_t	
[966]	0x02	0x200003D6	uint8_t	
[967]	0xF0	0x200003D7	uint8_t	
[968]	0x00	0x200003D8	uint8_t	
[969]	0xF8	0x200003D9	uint8_t	
[970]	0xFA	0x200003DA	uint8_t	
[971]	0x20	0x200003DB	uint8_t	
[972]	0x80	0x200003DC	uint8_t	
[973]	0x00	0x200003DD	uint8_t	
[974]	0x01	0x200003DE	uint8_t	
[975]	0xF0	0x200003DF	uint8_t	
[976]	0xE9	0x200003E0	uint8_t	
[977]	0xFF	0x200003E1	uint8_t	
[978]	0xFA	0x200003E2	uint8_t	
[979]	0x20	0x200003E3	uint8_t	
[980]	0x80	0x200003E4	uint8_t	
[981]	0x00	0x200003E5	uint8_t	
[982]	0x01	0x200003E6	uint8_t	
[983]	0xF0	0x200003E7	uint8_t	
[984]	0xD2	0x200003E8	uint8_t	
[985]	0xFF	0x200003E9	uint8_t	
[986]	0x64	0x200003EA	uint8_t	
[987]	0x2C	0x200003EB	uint8_t	
[988]	0xBC	0x200003EC	uint8_t	
[989]	0xD2	0x200003ED	uint8_t	
[990]	0x5E	0x200003EE	uint8_t	
[991]	0x48	0x200003EF	uint8_t	
[992]	0x00	0x200003F0	uint8_t	
[993]	0x68	0x200003F1	uint8_t	
[994]	0x00	0x200003F2	uint8_t	
[995]	0x28	0x200003F3	uint8_t	
[996]	0x08	0x200003F4	uint8_t	
[997]	0xD0	0x200003F5	uint8_t	
[998]	0x01	0x200003F6	uint8_t	
[999]	0x20	0x200003F7	uint8_t	
[1000]	0x56	0x200003F8	uint8_t	
[1001]	0x49	0x200003F9	uint8_t	
[1002]	0x08	0x200003FA	uint8_t	
[1003]	0x70	0x200003FB	uint8_t	
[1004]	0x05	0x200003FC	uint8_t	
[1005]	0x20	0x200003FD	uint8_t	
[1006]	0x56	0x200003FE	uint8_t	
[1007]	0x49	0x200003FF	uint8_t	
[1008]	0x08	0x20000400	uint8_t	
[1009]	0x70	0x20000401	uint8_t	
[1010]	0x02	0x20000402	uint8_t	
[1011]	0x20	0x20000403	uint8_t	
[1012]	0x3E	0x20000404	uint8_t	
[1013]	0x49	0x20000405	uint8_t	
[1014]	0x08	0x20000406	uint8_t	
[1015]	0x70	0x20000407	uint8_t	
[1016]	0x57	0x20000408	uint8_t	
[1017]	0x48	0x20000409	uint8_t	
[1018]	0x00	0x2000040A	uint8_t	
[1019]	0x68	0x2000040B	uint8_t	
[1020]	0x00	0x2000040C	uint8_t	
[1021]	0x28	0x2000040D	uint8_t	
[1022]	0x05	0x2000040E	uint8_t	
[1023]	0xD1	0x2000040F	uint8_t	
PackageByteNum	20805	0x200004D0	uint32_t	
BootloaderParameter	<array>	0x20000490	uint32_t[10]	
[0]	0x00000000	0x20000490	uint32_t	
[1]	0x000001D6	0x20000494	uint32_t	
[2]	0x00000064	0x20000498	uint32_t	
[3]	0x00000118	0x2000049C	uint32_t	
[4]	0x00000000	0x200004A0	uint32_t	
[5]	0x00000000	0x200004A4	uint32_t	
[6]	0x00000000	0x200004A8	uint32_t	
[7]	0x00000057	0x200004AC	uint32_t	
[8]	0x00000000	0x200004B0	uint32_t	
[9]	0x00000000	0x200004B4	uint32_t	
BtInfoBuff	<array>""	0x20000410	uint8_t[128]	
BinInfoVerify	Error (col 1): Unknown or ambiguous symbol. BinInfoVerify			
